Build started 12-Jan-18 11:04:31 PM.
     1>Project "C:\bai thi\bai thi\bai thi.vcxproj" on node 2 (build target(s)).
     1>InitializeBuildStatus:
         Touching "Debug\bai thi.unsuccessfulbuild".
       ClCompile:
         C:\Program Files\Microsoft Visual Studio 10.0\VC\bin\CL.exe /c /ZI /nologo /W3 /WX- /Od /Oy- /D _MBCS /Gm /EHsc /RTC1 /MDd /GS /fp:precise /Zc:wchar_t /Zc:forScope /Fo"Debug\\" /Fd"Debug\vc100.pdb" /Gd /TP /analyze- /errorReport:prompt c3.cpp "cau 3.cpp"
         cau 3.cpp
     1>c:\bai thi\bai thi\cau 3.cpp(21): warning C4244: 'initializing' : conversion from 'double' to 'unsigned int', possible loss of data
     1>c:\bai thi\bai thi\cau 3.cpp(56): error C2065: 'x' : undeclared identifier
     1>c:\bai thi\bai thi\cau 3.cpp(58): error C2065: 'x' : undeclared identifier
     1>c:\bai thi\bai thi\cau 3.cpp(63): error C2065: 'x' : undeclared identifier
     1>c:\bai thi\bai thi\cau 3.cpp(67): error C2065: 'x' : undeclared identifier
     1>c:\bai thi\bai thi\cau 3.cpp(72): error C2562: 'input' : 'void' function returning a value
                 c:\bai thi\bai thi\cau 3.cpp(10) : see declaration of 'input'
     1>c:\bai thi\bai thi\cau 3.cpp(74): fatal error C1075: end of file found before the left brace '{' at 'c:\bai thi\bai thi\cau 3.cpp(42)' was matched
         c3.cpp
     1>c:\bai thi\bai thi\c3.cpp(21): warning C4244: 'initializing' : conversion from 'double' to 'unsigned int', possible loss of data
     1>c:\bai thi\bai thi\c3.cpp(56): error C2065: 'x' : undeclared identifier
     1>c:\bai thi\bai thi\c3.cpp(58): error C2065: 'x' : undeclared identifier
     1>c:\bai thi\bai thi\c3.cpp(63): error C2065: 'x' : undeclared identifier
     1>c:\bai thi\bai thi\c3.cpp(65): error C2065: 'x' : undeclared identifier
     1>c:\bai thi\bai thi\c3.cpp(67): error C2562: 'input' : 'void' function returning a value
                 c:\bai thi\bai thi\c3.cpp(10) : see declaration of 'input'
     1>c:\bai thi\bai thi\c3.cpp(69): fatal error C1075: end of file found before the left brace '{' at 'c:\bai thi\bai thi\c3.cpp(42)' was matched
         Generating Code...
     1>Done Building Project "C:\bai thi\bai thi\bai thi.vcxproj" (build target(s)) -- FAILED.

Build FAILED.

Time Elapsed 00:00:01.14
